<?xml version="1.0" encoding="UTF-8"?>
<!-- Generated by org.testng.reporters.JUnitXMLReporter -->
<testsuite ignored="0" hostname="BE2CB557" failures="0" tests="5" name="Test" time="0.604" errors="0" timestamp="2023-07-04T12:53:46 IST">
  <testcase classname="com.EmployeManagementService.testcases.DashboardPageTest" name="@BeforeMethod BeforeMethod" time="0.034">
    <failure type="java.lang.IllegalStateException" message="The driver executable must exist: C:\Users\A200232695\Documents\chromedriver.exe">
      <![CDATA[java.lang.IllegalStateException: The driver executable must exist: C:\Users\A200232695\Documents\chromedriver.exe
at org.openqa.selenium.internal.Require$FileStateChecker.isFile(Require.java:342)
at org.openqa.selenium.remote.service.DriverService.checkExecutable(DriverService.java:147)
at org.openqa.selenium.remote.service.DriverService.findExecutable(DriverService.java:142)
at org.openqa.selenium.chrome.ChromeDriverService.access$000(ChromeDriverService.java:39)
at org.openqa.selenium.chrome.ChromeDriverService$Builder.findDefaultExecutable(ChromeDriverService.java:233)
at org.openqa.selenium.remote.service.DriverService$Builder.build(DriverService.java:437)
at org.openqa.selenium.chrome.ChromeDriverService.createServiceWithConfig(ChromeDriverService.java:142)
at org.openqa.selenium.chrome.ChromeDriver.<init>(ChromeDriver.java:70)
at com.EmployeManagementService.base.BaseClass.initialisation(BaseClass.java:45)
at com.EmployeManagementService.testcases.DashboardPageTest.BeforeMethod(DashboardPageTest.java:23)
at java.base/java.util.ArrayList.forEach(ArrayList.java:1511)
... Removed 31 stack frames]]>
    </failure>
  </testcase> <!-- @BeforeMethod BeforeMethod -->
  <testcase classname="com.EmployeManagementService.base.BaseClass" name="@AfterMethod closeBrowser" time="-1.688455426245E9">
    <skipped/>
  </testcase> <!-- @AfterMethod closeBrowser -->
  <testcase classname="com.EmployeManagementService.testcases.DashboardPageTest" name="@BeforeMethod BeforeMethod" time="-1.688455426247E9">
    <skipped/>
  </testcase> <!-- @BeforeMethod BeforeMethod -->
  <testcase classname="com.EmployeManagementService.base.BaseClass" name="@AfterMethod closeBrowser" time="-1.688455426253E9">
    <skipped/>
  </testcase> <!-- @AfterMethod closeBrowser -->
  <testcase classname="com.EmployeManagementService.testcases.LoginPageTest" name="@BeforeMethod BeforeMethod" time="0.005">
    <failure type="java.lang.IllegalStateException" message="The driver executable must exist: C:\Users\A200232695\Documents\chromedriver.exe">
      <![CDATA[java.lang.IllegalStateException: The driver executable must exist: C:\Users\A200232695\Documents\chromedriver.exe
at org.openqa.selenium.internal.Require$FileStateChecker.isFile(Require.java:342)
at org.openqa.selenium.remote.service.DriverService.checkExecutable(DriverService.java:147)
at org.openqa.selenium.remote.service.DriverService.findExecutable(DriverService.java:142)
at org.openqa.selenium.chrome.ChromeDriverService.access$000(ChromeDriverService.java:39)
at org.openqa.selenium.chrome.ChromeDriverService$Builder.findDefaultExecutable(ChromeDriverService.java:233)
at org.openqa.selenium.remote.service.DriverService$Builder.build(DriverService.java:437)
at org.openqa.selenium.chrome.ChromeDriverService.createServiceWithConfig(ChromeDriverService.java:142)
at org.openqa.selenium.chrome.ChromeDriver.<init>(ChromeDriver.java:70)
at com.EmployeManagementService.base.BaseClass.initialisation(BaseClass.java:45)
at com.EmployeManagementService.testcases.LoginPageTest.BeforeMethod(LoginPageTest.java:28)
at java.base/java.util.ArrayList.forEach(ArrayList.java:1511)
... Removed 31 stack frames]]>
    </failure>
  </testcase> <!-- @BeforeMethod BeforeMethod -->
  <testcase classname="com.EmployeManagementService.base.BaseClass" name="@AfterMethod closeBrowser" time="-1.688455426264E9">
    <skipped/>
  </testcase> <!-- @AfterMethod closeBrowser -->
  <testcase classname="com.EmployeManagementService.testcases.LoginPageTest" name="@BeforeMethod BeforeMethod" time="-1.688455426752E9">
    <skipped/>
  </testcase> <!-- @BeforeMethod BeforeMethod -->
  <testcase classname="com.EmployeManagementService.base.BaseClass" name="@AfterMethod closeBrowser" time="-1.688455426757E9">
    <skipped/>
  </testcase> <!-- @AfterMethod closeBrowser -->
  <testcase classname="com.EmployeManagementService.testcases.AdminPageTest" name="@BeforeMethod BeforeMethod" time="0.004">
    <failure type="java.lang.IllegalStateException" message="The driver executable must exist: C:\Users\A200232695\Documents\chromedriver.exe">
      <![CDATA[java.lang.IllegalStateException: The driver executable must exist: C:\Users\A200232695\Documents\chromedriver.exe
at org.openqa.selenium.internal.Require$FileStateChecker.isFile(Require.java:342)
at org.openqa.selenium.remote.service.DriverService.checkExecutable(DriverService.java:147)
at org.openqa.selenium.remote.service.DriverService.findExecutable(DriverService.java:142)
at org.openqa.selenium.chrome.ChromeDriverService.access$000(ChromeDriverService.java:39)
at org.openqa.selenium.chrome.ChromeDriverService$Builder.findDefaultExecutable(ChromeDriverService.java:233)
at org.openqa.selenium.remote.service.DriverService$Builder.build(DriverService.java:437)
at org.openqa.selenium.chrome.ChromeDriverService.createServiceWithConfig(ChromeDriverService.java:142)
at org.openqa.selenium.chrome.ChromeDriver.<init>(ChromeDriver.java:70)
at com.EmployeManagementService.base.BaseClass.initialisation(BaseClass.java:45)
at com.EmployeManagementService.testcases.AdminPageTest.BeforeMethod(AdminPageTest.java:21)
at java.base/java.util.ArrayList.forEach(ArrayList.java:1511)
... Removed 31 stack frames]]>
    </failure>
  </testcase> <!-- @BeforeMethod BeforeMethod -->
  <testcase classname="com.EmployeManagementService.base.BaseClass" name="@AfterMethod closeBrowser" time="-1.688455426767E9">
    <skipped/>
  </testcase> <!-- @AfterMethod closeBrowser -->
  <testcase classname="com.EmployeManagementService.testcases.DashboardPageTest" name="validateAdminTab" time="0.0">
    <skipped/>
  </testcase> <!-- validateAdminTab -->
  <testcase classname="com.EmployeManagementService.testcases.DashboardPageTest" name="validatePimTab" time="0.0">
    <skipped/>
  </testcase> <!-- validatePimTab -->
  <testcase classname="com.EmployeManagementService.testcases.LoginPageTest" name="validateLogo" time="0.0">
    <skipped/>
  </testcase> <!-- validateLogo -->
  <testcase classname="com.EmployeManagementService.testcases.LoginPageTest" name="verifyLogin" time="0.0">
    <skipped/>
  </testcase> <!-- verifyLogin -->
  <testcase classname="com.EmployeManagementService.testcases.AdminPageTest" name="emailConfigurationTest" time="0.0">
    <skipped/>
  </testcase> <!-- emailConfigurationTest -->
</testsuite> <!-- Test -->
